20-06-29 12:03:49  INFO 1544 --- [restartedMain] r.z.mservice.order.OrderApplication      : Starting OrderApplication on EN614650 with PID 1544 (C:\dev\javaws\order\target\classes started by mflorescu in C:\dev\javaws\order)
20-06-29 12:03:49 DEBUG 1544 --- [restartedMain] r.z.mservice.order.OrderApplication      : Running with Spring Boot v2.1.7.RELEASE, Spring v5.1.9.RELEASE
20-06-29 12:03:49  INFO 1544 --- [restartedMain] r.z.mservice.order.OrderApplication      : No active profile set, falling back to default profiles: default
20-06-29 12:03:50  INFO 1544 --- [restartedMain] .e.DevToolsPropertyDefaultsPostProcessor : Devtools property defaults active! Set 'spring.devtools.add-properties' to 'false' to disable
20-06-29 12:03:50  INFO 1544 --- [restartedMain] .e.DevToolsPropertyDefaultsPostProcessor : For additional web related logging consider setting the 'logging.level.web' property to 'DEBUG'
20-06-29 12:03:51  INFO 1544 --- [restartedMain] .s.d.r.c.RepositoryConfigurationDelegate : Bootstrapping Spring Data repositories in DEFAULT mode.
20-06-29 12:03:52  INFO 1544 --- [restartedMain] .s.d.r.c.RepositoryConfigurationDelegate : Finished Spring Data repository scanning in 171ms. Found 4 repository interfaces.
20-06-29 12:03:52  INFO 1544 --- [restartedMain] trationDelegate$BeanPostProcessorChecker : Bean 'org.springframework.transaction.annotation.ProxyTransactionManagementConfiguration' of type [org.springframework.transaction.annotation.ProxyTransactionManagementConfiguration$$EnhancerBySpringCGLIB$$bd4c2562] is not eligible for getting processed by all BeanPostProcessors (for example: not eligible for auto-proxying)
20-06-29 12:03:54  INFO 1544 --- [restartedMain] o.s.b.w.embedded.tomcat.TomcatWebServer  : Tomcat initialized with port(s): 8080 (http)
20-06-29 12:03:54  INFO 1544 --- [restartedMain] o.apache.catalina.core.StandardService   : Starting service [Tomcat]
20-06-29 12:03:54  INFO 1544 --- [restartedMain] org.apache.catalina.core.StandardEngine  : Starting Servlet engine: [Apache Tomcat/9.0.22]
20-06-29 12:03:54  INFO 1544 --- [restartedMain] o.a.c.c.C.[Tomcat].[localhost].[/]       : Initializing Spring embedded WebApplicationContext
20-06-29 12:03:54  INFO 1544 --- [restartedMain] o.s.web.context.ContextLoader            : Root WebApplicationContext: initialization completed in 4325 ms
20-06-29 12:03:54  INFO 1544 --- [restartedMain] com.zaxxer.hikari.HikariDataSource       : HikariPool-1 - Starting...
20-06-29 12:03:54  WARN 1544 --- [restartedMain] com.zaxxer.hikari.util.DriverDataSource  : Registered driver with driverClassName=com.mysql.jdbc.Driver was not found, trying direct instantiation.
20-06-29 12:03:55  INFO 1544 --- [restartedMain] com.zaxxer.hikari.HikariDataSource       : HikariPool-1 - Start completed.
20-06-29 12:03:56  INFO 1544 --- [restartedMain] j.LocalContainerEntityManagerFactoryBean : Initialized JPA EntityManagerFactory for persistence unit 'default'
20-06-29 12:03:58  INFO 1544 --- [restartedMain] o.s.s.concurrent.ThreadPoolTaskExecutor  : Initializing ExecutorService 'applicationTaskExecutor'
20-06-29 12:03:58  WARN 1544 --- [restartedMain] aWebConfiguration$JpaWebMvcConfiguration : spring.jpa.open-in-view is enabled by default. Therefore, database queries may be performed during view rendering. Explicitly configure spring.jpa.open-in-view to disable this warning
20-06-29 12:03:58  WARN 1544 --- [restartedMain] o.s.b.d.a.OptionalLiveReloadServer       : Unable to start LiveReload server
20-06-29 12:03:58  INFO 1544 --- [restartedMain] o.s.b.w.embedded.tomcat.TomcatWebServer  : Tomcat started on port(s): 8080 (http) with context path ''
20-06-29 12:03:58  INFO 1544 --- [restartedMain] r.z.mservice.order.OrderApplication      : Started OrderApplication in 9.442 seconds (JVM running for 10.971)
20-06-29 12:05:54  INFO 1544 --- [Thread-1] o.s.s.concurrent.ThreadPoolTaskExecutor  : Shutting down ExecutorService 'applicationTaskExecutor'
20-06-29 12:05:54  INFO 1544 --- [Thread-1] j.LocalContainerEntityManagerFactoryBean : Closing JPA EntityManagerFactory for persistence unit 'default'
20-06-29 12:05:54  INFO 1544 --- [Thread-1] com.zaxxer.hikari.HikariDataSource       : HikariPool-1 - Shutdown initiated...
20-06-29 12:05:54  INFO 1544 --- [Thread-1] com.zaxxer.hikari.HikariDataSource       : HikariPool-1 - Shutdown completed.
20-06-29 12:05:56  INFO 1544 --- [restartedMain] r.z.mservice.order.OrderApplication      : Starting OrderApplication on EN614650 with PID 1544 (C:\dev\javaws\order\target\classes started by mflorescu in C:\dev\javaws\order)
20-06-29 12:05:56 DEBUG 1544 --- [restartedMain] r.z.mservice.order.OrderApplication      : Running with Spring Boot v2.1.7.RELEASE, Spring v5.1.9.RELEASE
20-06-29 12:05:56  INFO 1544 --- [restartedMain] r.z.mservice.order.OrderApplication      : No active profile set, falling back to default profiles: default
20-06-29 12:05:57  INFO 1544 --- [restartedMain] .s.d.r.c.RepositoryConfigurationDelegate : Bootstrapping Spring Data repositories in DEFAULT mode.
20-06-29 12:05:57  INFO 1544 --- [restartedMain] .s.d.r.c.RepositoryConfigurationDelegate : Finished Spring Data repository scanning in 93ms. Found 4 repository interfaces.
20-06-29 12:05:57  INFO 1544 --- [restartedMain] trationDelegate$BeanPostProcessorChecker : Bean 'org.springframework.transaction.annotation.ProxyTransactionManagementConfiguration' of type [org.springframework.transaction.annotation.ProxyTransactionManagementConfiguration$$EnhancerBySpringCGLIB$$bd4c2562] is not eligible for getting processed by all BeanPostProcessors (for example: not eligible for auto-proxying)
20-06-29 12:05:57  INFO 1544 --- [restartedMain] o.s.b.w.embedded.tomcat.TomcatWebServer  : Tomcat initialized with port(s): 8080 (http)
20-06-29 12:05:57  INFO 1544 --- [restartedMain] o.apache.catalina.core.StandardService   : Starting service [Tomcat]
20-06-29 12:05:57  INFO 1544 --- [restartedMain] org.apache.catalina.core.StandardEngine  : Starting Servlet engine: [Apache Tomcat/9.0.22]
20-06-29 12:05:57  INFO 1544 --- [restartedMain] o.a.c.c.C.[Tomcat].[localhost].[/]       : Initializing Spring embedded WebApplicationContext
20-06-29 12:05:57  INFO 1544 --- [restartedMain] o.s.web.context.ContextLoader            : Root WebApplicationContext: initialization completed in 1687 ms
20-06-29 12:05:58  INFO 1544 --- [restartedMain] com.zaxxer.hikari.HikariDataSource       : HikariPool-2 - Starting...
20-06-29 12:05:58  WARN 1544 --- [restartedMain] com.zaxxer.hikari.util.DriverDataSource  : Registered driver with driverClassName=com.mysql.jdbc.Driver was not found, trying direct instantiation.
20-06-29 12:05:58  INFO 1544 --- [restartedMain] com.zaxxer.hikari.HikariDataSource       : HikariPool-2 - Start completed.
20-06-29 12:05:58  INFO 1544 --- [restartedMain] j.LocalContainerEntityManagerFactoryBean : Initialized JPA EntityManagerFactory for persistence unit 'default'
20-06-29 12:05:59  INFO 1544 --- [restartedMain] o.s.s.concurrent.ThreadPoolTaskExecutor  : Initializing ExecutorService 'applicationTaskExecutor'
20-06-29 12:05:59  WARN 1544 --- [restartedMain] aWebConfiguration$JpaWebMvcConfiguration : spring.jpa.open-in-view is enabled by default. Therefore, database queries may be performed during view rendering. Explicitly configure spring.jpa.open-in-view to disable this warning
20-06-29 12:05:59  WARN 1544 --- [restartedMain] o.s.b.d.a.OptionalLiveReloadServer       : Unable to start LiveReload server
20-06-29 12:05:59  INFO 1544 --- [restartedMain] o.s.b.w.embedded.tomcat.TomcatWebServer  : Tomcat started on port(s): 8080 (http) with context path ''
20-06-29 12:05:59  INFO 1544 --- [restartedMain] r.z.mservice.order.OrderApplication      : Started OrderApplication in 3.175 seconds (JVM running for 131.343)
20-06-29 12:05:59  INFO 1544 --- [restartedMain] .ConditionEvaluationDeltaLoggingListener : Condition evaluation unchanged
